This is pdfTeX, Version 3.14159265-2.6-1.40.18 (MiKTeX 2.9.6350 64-bit) (preloaded format=pdflatex 2017.11.9)  10 NOV 2017 00:22
entering extended mode
**./Proposal.tex
(Proposal.tex
LaTeX2e <2017-04-15>
Babel <3.10> and hyphenation patterns for 75 language(s) loaded.
("C:\Program Files\MiKTeX 2.9\tex\latex\base\article.cls"
Document Class: article 2014/09/29 v1.4h Standard LaTeX document class
("C:\Program Files\MiKTeX 2.9\tex\latex\base\size11.clo"
File: size11.clo 2014/09/29 v1.4h Standard LaTeX file (size option)
)
\c@part=\count79
\c@section=\count80
\c@subsection=\count81
\c@subsubsection=\count82
\c@paragraph=\count83
\c@subparagraph=\count84
\c@figure=\count85
\c@table=\count86
\abovecaptionskip=\skip41
\belowcaptionskip=\skip42
\bibindent=\dimen102
) (Proposal.aux)
\openout1 = `Proposal.aux'.

LaTeX Font Info:    Checking defaults for OML/cmm/m/it on input line 3.
LaTeX Font Info:    ... okay on input line 3.
LaTeX Font Info:    Checking defaults for T1/cmr/m/n on input line 3.
LaTeX Font Info:    ... okay on input line 3.
LaTeX Font Info:    Checking defaults for OT1/cmr/m/n on input line 3.
LaTeX Font Info:    ... okay on input line 3.
LaTeX Font Info:    Checking defaults for OMS/cmsy/m/n on input line 3.
LaTeX Font Info:    ... okay on input line 3.
LaTeX Font Info:    Checking defaults for OMX/cmex/m/n on input line 3.
LaTeX Font Info:    ... okay on input line 3.
LaTeX Font Info:    Checking defaults for U/cmr/m/n on input line 3.
LaTeX Font Info:    ... okay on input line 3.
LaTeX Font Info:    External font `cmex10' loaded for size
(Font)              <12> on input line 5.
LaTeX Font Info:    External font `cmex10' loaded for size
(Font)              <8> on input line 5.
LaTeX Font Info:    External font `cmex10' loaded for size
(Font)              <6> on input line 5.


LaTeX Warning: No \author given.

LaTeX Font Info:    External font `cmex10' loaded for size
(Font)              <10.95> on input line 9.

Overfull \hbox (46.5035pt too wide) in paragraph at lines 9--17
[][] 
 []

(Proposal.toc [1

{C:/ProgramData/MiKTeX/2.9/pdftex/config/pdftex.map}])
\tf@toc=\write3
\openout3 = `Proposal.toc'.


Underfull \hbox (badness 10000) in paragraph at lines 27--44

 []


Underfull \hbox (badness 10000) in paragraph at lines 27--44

 []

[2]
Underfull \hbox (badness 10000) in paragraph at lines 46--61

 []


Underfull \hbox (badness 10000) in paragraph at lines 46--61

 []


Underfull \hbox (badness 10000) in paragraph at lines 64--66

 []


Overfull \hbox (6.97755pt too wide) in paragraph at lines 64--66
\OT1/cmr/m/n/10.95 world in-cor-po-rate auto grad-ing in their qpro-gram-ming a
nd al-go-rithms courses.
 []

[3]
Missing character: There is no ‚ in font cmr10!
Missing character: There is no Ä in font cmr10!
Missing character: There is no ú in font cmr10!
Missing character: There is no ‚ in font cmr10!
Missing character: There is no Ä in font cmr10!
Missing character: There is no ù in font cmr10!
Missing character: There is no ‚ in font cmr10!
Missing character: There is no Ä in font cmr10!
Missing character: There is no ú in font cmr10!
Missing character: There is no ‚ in font cmr10!
Missing character: There is no Ä in font cmr10!
Missing character: There is no ù in font cmr10!
Missing character: There is no ‚ in font cmr10!
Missing character: There is no Ä in font cmr10!
Missing character: There is no ú in font cmr10!
Missing character: There is no ‚ in font cmr10!
Missing character: There is no Ä in font cmr10!
Missing character: There is no ù in font cmr10!
Missing character: There is no ‚ in font cmr10!
Missing character: There is no Ä in font cmr10!
Missing character: There is no ô in font cmr10!

Underfull \hbox (badness 10000) in paragraph at lines 68--78

 []


Underfull \hbox (badness 10000) in paragraph at lines 68--78

 []


Underfull \hbox (badness 10000) in paragraph at lines 68--78

 []


Underfull \hbox (badness 10000) in paragraph at lines 68--78

 []

[4]
LaTeX Font Info:    Try loading font information for OMS+cmr on input line 79.
 ("C:\Program Files\MiKTeX 2.9\tex\latex\base\omscmr.fd"
File: omscmr.fd 2014/09/29 v2.5h Standard LaTeX font definitions
)
LaTeX Font Info:    Font shape `OMS/cmr/m/n' in size <10.95> not available
(Font)              Font shape `OMS/cmsy/m/n' tried instead on input line 79.
Missing character: There is no ‚ in font cmr10!
Missing character: There is no Ä in font cmr10!
Missing character: There is no ô in font cmr10!
Missing character: There is no ‚ in font cmr10!
Missing character: There is no Ä in font cmr10!
Missing character: There is no ô in font cmr10!
Missing character: There is no  in font cmr10!
Missing character: There is no ù in font cmr10!
Missing character: There is no ë in font cmr10!
Missing character: There is no õ in font cmr10!
Missing character: There is no ‚ in font cmr10!
Missing character: There is no â in font cmr10!
Missing character: There is no § in font cmr10!
Missing character: There is no ‚ in font cmr10!
Missing character: There is no Ä in font cmr10!
Missing character: There is no ô in font cmr10!
 [5]
Overfull \hbox (12.51944pt too wide) in paragraph at lines 110--110
[]\OT1/cmr/bx/n/12 Benefits of auto-grading and on-line prac-tice ori-ented tea
ch-
 []

Missing character: There is no ‚ in font cmr10!
Missing character: There is no Ä in font cmr10!
Missing character: There is no ô in font cmr10!
Missing character: There is no ‚ in font cmr10!
Missing character: There is no Ä in font cmr10!
Missing character: There is no ô in font cmr10!
[6] [7] (Proposal.aux) ) 
Here is how much of TeX's memory you used:
 256 strings out of 493323
 2818 string characters out of 3139033
 59648 words of memory out of 3000000
 3864 multiletter control sequences out of 15000+200000
 8811 words of font info for 31 fonts, out of 3000000 for 9000
 1141 hyphenation exceptions out of 8191
 21i,6n,19p,825b,193s stack positions out of 5000i,500n,10000p,200000b,50000s
<C:/Program Files/MiKTeX 2.9/fonts/type1/public/amsfont
s/cm/cmbx10.pfb><C:/Program Files/MiKTeX 2.9/fonts/type1/public/amsfonts/cm/cmb
x12.pfb><C:/Program Files/MiKTeX 2.9/fonts/type1/public/amsfonts/cm/cmmi10.pfb>
<C:/Program Files/MiKTeX 2.9/fonts/type1/public/amsfonts/cm/cmr10.pfb><C:/Progr
am Files/MiKTeX 2.9/fonts/type1/public/amsfonts/cm/cmr12.pfb><C:/Program Files/
MiKTeX 2.9/fonts/type1/public/amsfonts/cm/cmr17.pfb><C:/Program Files/MiKTeX 2.
9/fonts/type1/public/amsfonts/cm/cmsy10.pfb>
Output written on Proposal.pdf (7 pages, 114604 bytes).
PDF statistics:
 54 PDF objects out of 1000 (max. 8388607)
 0 named destinations out of 1000 (max. 500000)
 1 words of extra memory for PDF output out of 10000 (max. 10000000)

